2016-12-09 11:30:16,800 - ************************************************************** 
2016-12-09 11:30:16,800 - Starting Jakarta Velocity v1.4
2016-12-09 11:30:16,800 - RuntimeInstance initializing.
2016-12-09 11:30:16,800 - Default Properties File: org\apache\velocity\runtime\defaults\velocity.properties
2016-12-09 11:30:16,800 - Trying to use logger class org.apache.velocity.runtime.log.SimpleLog4JLogSystem
2016-12-09 11:30:16,800 - Using logger class org.apache.velocity.runtime.log.SimpleLog4JLogSystem
2016-12-09 11:30:16,811 - Default ResourceManager initializing. (class org.apache.velocity.runtime.resource.ResourceManagerImpl)
2016-12-09 11:30:16,891 - Resource Loader Instantiated: org.apache.velocity.runtime.resource.loader.ClasspathResourceLoader
2016-12-09 11:30:16,892 - ClasspathResourceLoader : initialization starting.
2016-12-09 11:30:16,892 - ClasspathResourceLoader : initialization complete.
2016-12-09 11:30:16,894 - ResourceCache : initialized. (class org.apache.velocity.runtime.resource.ResourceCacheImpl)
2016-12-09 11:30:16,894 - Default ResourceManager initialization complete.
2016-12-09 11:30:16,904 - Loaded System Directive: org.apache.velocity.runtime.directive.Literal
2016-12-09 11:30:16,906 - Loaded System Directive: org.apache.velocity.runtime.directive.Macro
2016-12-09 11:30:16,910 - Loaded System Directive: org.apache.velocity.runtime.directive.Parse
2016-12-09 11:30:16,912 - Loaded System Directive: org.apache.velocity.runtime.directive.Include
2016-12-09 11:30:16,913 - Loaded System Directive: org.apache.velocity.runtime.directive.Foreach
2016-12-09 11:30:16,957 - Created: 20 parsers.
2016-12-09 11:30:16,963 - Velocimacro : initialization starting.
2016-12-09 11:30:16,963 - Velocimacro : adding VMs from VM library template : VM_global_library.vm
2016-12-09 11:30:17,007 - ResourceManager : unable to find resource 'VM_global_library.vm' in any resource loader.
2016-12-09 11:30:17,008 - Velocimacro : error using  VM library template VM_global_library.vm : org.apache.velocity.exception.ResourceNotFoundException: Unable to find resource 'VM_global_library.vm'
2016-12-09 11:30:17,008 - Velocimacro :  VM library template macro registration complete.
2016-12-09 11:30:17,008 - Velocimacro : allowInline = true : VMs can be defined inline in templates
2016-12-09 11:30:17,008 - Velocimacro : allowInlineToOverride = false : VMs defined inline may NOT replace previous VM definitions
2016-12-09 11:30:17,008 - Velocimacro : allowInlineLocal = false : VMs defined inline will be  global in scope if allowed.
2016-12-09 11:30:17,009 - Velocimacro : messages on  : VM system will output logging messages
2016-12-09 11:30:17,009 - Velocimacro : autoload off  : VM system will not automatically reload global library macros
2016-12-09 11:30:17,009 - Velocimacro : initialization complete.
2016-12-09 11:30:17,009 - Velocity successfully started.
2016-12-09 11:30:19,269 - SimpleLog4JLogSystem initialized using logfile 'velocity.log'
2016-12-09 11:30:19,269 - ************************************************************** 
2016-12-09 11:30:19,269 - Starting Jakarta Velocity v1.4
2016-12-09 11:30:19,269 - RuntimeInstance initializing.
2016-12-09 11:30:19,270 - Default Properties File: org\apache\velocity\runtime\defaults\velocity.properties
2016-12-09 11:30:19,270 - Trying to use logger class org.apache.velocity.runtime.log.SimpleLog4JLogSystem
2016-12-09 11:30:19,270 - Using logger class org.apache.velocity.runtime.log.SimpleLog4JLogSystem
2016-12-09 11:30:19,286 - Default ResourceManager initializing. (class org.apache.velocity.runtime.resource.ResourceManagerImpl)
2016-12-09 11:30:19,289 - Resource Loader Instantiated: org.apache.velocity.runtime.resource.loader.ClasspathResourceLoader
2016-12-09 11:30:19,290 - ClasspathResourceLoader : initialization starting.
2016-12-09 11:30:19,290 - ClasspathResourceLoader : initialization complete.
2016-12-09 11:30:19,291 - ResourceCache : initialized. (class org.apache.velocity.runtime.resource.ResourceCacheImpl)
2016-12-09 11:30:19,291 - Default ResourceManager initialization complete.
2016-12-09 11:30:19,293 - Loaded System Directive: org.apache.velocity.runtime.directive.Literal
2016-12-09 11:30:19,295 - Loaded System Directive: org.apache.velocity.runtime.directive.Macro
2016-12-09 11:30:19,297 - Loaded System Directive: org.apache.velocity.runtime.directive.Parse
2016-12-09 11:30:19,299 - Loaded System Directive: org.apache.velocity.runtime.directive.Include
2016-12-09 11:30:19,300 - Loaded System Directive: org.apache.velocity.runtime.directive.Foreach
2016-12-09 11:30:19,328 - Created: 20 parsers.
2016-12-09 11:30:19,335 - Velocimacro : initialization starting.
2016-12-09 11:30:19,335 - Velocimacro : adding VMs from VM library template : VM_global_library.vm
2016-12-09 11:30:19,343 - ResourceManager : unable to find resource 'VM_global_library.vm' in any resource loader.
2016-12-09 11:30:19,343 - Velocimacro : error using  VM library template VM_global_library.vm : org.apache.velocity.exception.ResourceNotFoundException: Unable to find resource 'VM_global_library.vm'
2016-12-09 11:30:19,343 - Velocimacro :  VM library template macro registration complete.
2016-12-09 11:30:19,343 - Velocimacro : allowInline = true : VMs can be defined inline in templates
2016-12-09 11:30:19,343 - Velocimacro : allowInlineToOverride = false : VMs defined inline may NOT replace previous VM definitions
2016-12-09 11:30:19,343 - Velocimacro : allowInlineLocal = false : VMs defined inline will be  global in scope if allowed.
2016-12-09 11:30:19,343 - Velocimacro : messages on  : VM system will output logging messages
2016-12-09 11:30:19,344 - Velocimacro : autoload off  : VM system will not automatically reload global library macros
2016-12-09 11:30:19,344 - Velocimacro : initialization complete.
2016-12-09 11:30:19,344 - Velocity successfully started.
2016-12-09 11:31:15,933 - SimpleLog4JLogSystem initialized using logfile 'velocity.log'
2016-12-09 11:31:15,933 - ************************************************************** 
2016-12-09 11:31:15,933 - Starting Jakarta Velocity v1.4
2016-12-09 11:31:15,933 - RuntimeInstance initializing.
2016-12-09 11:31:15,933 - Default Properties File: org\apache\velocity\runtime\defaults\velocity.properties
2016-12-09 11:31:15,933 - Trying to use logger class org.apache.velocity.runtime.log.SimpleLog4JLogSystem
2016-12-09 11:31:15,933 - Using logger class org.apache.velocity.runtime.log.SimpleLog4JLogSystem
2016-12-09 11:31:15,936 - Default ResourceManager initializing. (class org.apache.velocity.runtime.resource.ResourceManagerImpl)
2016-12-09 11:31:15,938 - Resource Loader Instantiated: org.apache.velocity.runtime.resource.loader.ClasspathResourceLoader
2016-12-09 11:31:15,938 - ClasspathResourceLoader : initialization starting.
2016-12-09 11:31:15,938 - ClasspathResourceLoader : initialization complete.
2016-12-09 11:31:15,940 - ResourceCache : initialized. (class org.apache.velocity.runtime.resource.ResourceCacheImpl)
2016-12-09 11:31:15,940 - Default ResourceManager initialization complete.
2016-12-09 11:31:15,942 - Loaded System Directive: org.apache.velocity.runtime.directive.Literal
2016-12-09 11:31:15,943 - Loaded System Directive: org.apache.velocity.runtime.directive.Macro
2016-12-09 11:31:15,945 - Loaded System Directive: org.apache.velocity.runtime.directive.Parse
2016-12-09 11:31:15,946 - Loaded System Directive: org.apache.velocity.runtime.directive.Include
2016-12-09 11:31:15,947 - Loaded System Directive: org.apache.velocity.runtime.directive.Foreach
2016-12-09 11:31:15,968 - Created: 20 parsers.
2016-12-09 11:31:15,974 - Velocimacro : initialization starting.
2016-12-09 11:31:15,974 - Velocimacro : adding VMs from VM library template : VM_global_library.vm
2016-12-09 11:31:15,980 - ResourceManager : unable to find resource 'VM_global_library.vm' in any resource loader.
2016-12-09 11:31:15,980 - Velocimacro : error using  VM library template VM_global_library.vm : org.apache.velocity.exception.ResourceNotFoundException: Unable to find resource 'VM_global_library.vm'
2016-12-09 11:31:15,980 - Velocimacro :  VM library template macro registration complete.
2016-12-09 11:31:15,980 - Velocimacro : allowInline = true : VMs can be defined inline in templates
2016-12-09 11:31:15,980 - Velocimacro : allowInlineToOverride = false : VMs defined inline may NOT replace previous VM definitions
2016-12-09 11:31:15,980 - Velocimacro : allowInlineLocal = false : VMs defined inline will be  global in scope if allowed.
2016-12-09 11:31:15,980 - Velocimacro : messages on  : VM system will output logging messages
2016-12-09 11:31:15,980 - Velocimacro : autoload off  : VM system will not automatically reload global library macros
2016-12-09 11:31:15,980 - Velocimacro : initialization complete.
2016-12-09 11:31:15,980 - Velocity successfully started.
2016-12-09 11:31:59,114 - SimpleLog4JLogSystem initialized using logfile 'velocity.log'
2016-12-09 11:31:59,114 - ************************************************************** 
2016-12-09 11:31:59,114 - Starting Jakarta Velocity v1.4
2016-12-09 11:31:59,114 - RuntimeInstance initializing.
2016-12-09 11:31:59,114 - Default Properties File: org\apache\velocity\runtime\defaults\velocity.properties
2016-12-09 11:31:59,114 - Trying to use logger class org.apache.velocity.runtime.log.SimpleLog4JLogSystem
2016-12-09 11:31:59,114 - Using logger class org.apache.velocity.runtime.log.SimpleLog4JLogSystem
2016-12-09 11:31:59,116 - Default ResourceManager initializing. (class org.apache.velocity.runtime.resource.ResourceManagerImpl)
2016-12-09 11:31:59,118 - Resource Loader Instantiated: org.apache.velocity.runtime.resource.loader.ClasspathResourceLoader
2016-12-09 11:31:59,118 - ClasspathResourceLoader : initialization starting.
2016-12-09 11:31:59,118 - ClasspathResourceLoader : initialization complete.
2016-12-09 11:31:59,120 - ResourceCache : initialized. (class org.apache.velocity.runtime.resource.ResourceCacheImpl)
2016-12-09 11:31:59,120 - Default ResourceManager initialization complete.
2016-12-09 11:31:59,121 - Loaded System Directive: org.apache.velocity.runtime.directive.Literal
2016-12-09 11:31:59,123 - Loaded System Directive: org.apache.velocity.runtime.directive.Macro
2016-12-09 11:31:59,125 - Loaded System Directive: org.apache.velocity.runtime.directive.Parse
2016-12-09 11:31:59,126 - Loaded System Directive: org.apache.velocity.runtime.directive.Include
2016-12-09 11:31:59,127 - Loaded System Directive: org.apache.velocity.runtime.directive.Foreach
2016-12-09 11:31:59,148 - Created: 20 parsers.
2016-12-09 11:31:59,154 - Velocimacro : initialization starting.
2016-12-09 11:31:59,154 - Velocimacro : adding VMs from VM library template : VM_global_library.vm
2016-12-09 11:31:59,160 - ResourceManager : unable to find resource 'VM_global_library.vm' in any resource loader.
2016-12-09 11:31:59,160 - Velocimacro : error using  VM library template VM_global_library.vm : org.apache.velocity.exception.ResourceNotFoundException: Unable to find resource 'VM_global_library.vm'
2016-12-09 11:31:59,160 - Velocimacro :  VM library template macro registration complete.
2016-12-09 11:31:59,160 - Velocimacro : allowInline = true : VMs can be defined inline in templates
2016-12-09 11:31:59,160 - Velocimacro : allowInlineToOverride = false : VMs defined inline may NOT replace previous VM definitions
2016-12-09 11:31:59,160 - Velocimacro : allowInlineLocal = false : VMs defined inline will be  global in scope if allowed.
2016-12-09 11:31:59,160 - Velocimacro : messages on  : VM system will output logging messages
2016-12-09 11:31:59,160 - Velocimacro : autoload off  : VM system will not automatically reload global library macros
2016-12-09 11:31:59,160 - Velocimacro : initialization complete.
2016-12-09 11:31:59,160 - Velocity successfully started.
2016-12-09 11:33:48,379 - SimpleLog4JLogSystem initialized using logfile 'velocity.log'
2016-12-09 11:33:48,379 - ************************************************************** 
2016-12-09 11:33:48,379 - Starting Jakarta Velocity v1.4
2016-12-09 11:33:48,379 - RuntimeInstance initializing.
2016-12-09 11:33:48,379 - Default Properties File: org\apache\velocity\runtime\defaults\velocity.properties
2016-12-09 11:33:48,379 - Trying to use logger class org.apache.velocity.runtime.log.SimpleLog4JLogSystem
2016-12-09 11:33:48,379 - Using logger class org.apache.velocity.runtime.log.SimpleLog4JLogSystem
2016-12-09 11:33:48,382 - Default ResourceManager initializing. (class org.apache.velocity.runtime.resource.ResourceManagerImpl)
2016-12-09 11:33:48,384 - Resource Loader Instantiated: org.apache.velocity.runtime.resource.loader.ClasspathResourceLoader
2016-12-09 11:33:48,384 - ClasspathResourceLoader : initialization starting.
2016-12-09 11:33:48,384 - ClasspathResourceLoader : initialization complete.
2016-12-09 11:33:48,385 - ResourceCache : initialized. (class org.apache.velocity.runtime.resource.ResourceCacheImpl)
2016-12-09 11:33:48,385 - Default ResourceManager initialization complete.
2016-12-09 11:33:48,387 - Loaded System Directive: org.apache.velocity.runtime.directive.Literal
2016-12-09 11:33:48,388 - Loaded System Directive: org.apache.velocity.runtime.directive.Macro
2016-12-09 11:33:48,390 - Loaded System Directive: org.apache.velocity.runtime.directive.Parse
2016-12-09 11:33:48,392 - Loaded System Directive: org.apache.velocity.runtime.directive.Include
2016-12-09 11:33:48,392 - Loaded System Directive: org.apache.velocity.runtime.directive.Foreach
2016-12-09 11:33:48,412 - Created: 20 parsers.
2016-12-09 11:33:48,419 - Velocimacro : initialization starting.
2016-12-09 11:33:48,419 - Velocimacro : adding VMs from VM library template : VM_global_library.vm
2016-12-09 11:33:48,424 - ResourceManager : unable to find resource 'VM_global_library.vm' in any resource loader.
2016-12-09 11:33:48,425 - Velocimacro : error using  VM library template VM_global_library.vm : org.apache.velocity.exception.ResourceNotFoundException: Unable to find resource 'VM_global_library.vm'
2016-12-09 11:33:48,425 - Velocimacro :  VM library template macro registration complete.
2016-12-09 11:33:48,425 - Velocimacro : allowInline = true : VMs can be defined inline in templates
2016-12-09 11:33:48,425 - Velocimacro : allowInlineToOverride = false : VMs defined inline may NOT replace previous VM definitions
2016-12-09 11:33:48,425 - Velocimacro : allowInlineLocal = false : VMs defined inline will be  global in scope if allowed.
2016-12-09 11:33:48,425 - Velocimacro : messages on  : VM system will output logging messages
2016-12-09 11:33:48,425 - Velocimacro : autoload off  : VM system will not automatically reload global library macros
2016-12-09 11:33:48,425 - Velocimacro : initialization complete.
2016-12-09 11:33:48,425 - Velocity successfully started.
2016-12-09 11:34:40,237 - SimpleLog4JLogSystem initialized using logfile 'velocity.log'
2016-12-09 11:34:40,237 - ************************************************************** 
2016-12-09 11:34:40,237 - Starting Jakarta Velocity v1.4
2016-12-09 11:34:40,237 - RuntimeInstance initializing.
2016-12-09 11:34:40,237 - Default Properties File: org\apache\velocity\runtime\defaults\velocity.properties
2016-12-09 11:34:40,237 - Trying to use logger class org.apache.velocity.runtime.log.SimpleLog4JLogSystem
2016-12-09 11:34:40,237 - Using logger class org.apache.velocity.runtime.log.SimpleLog4JLogSystem
2016-12-09 11:34:40,240 - Default ResourceManager initializing. (class org.apache.velocity.runtime.resource.ResourceManagerImpl)
2016-12-09 11:34:40,243 - Resource Loader Instantiated: org.apache.velocity.runtime.resource.loader.ClasspathResourceLoader
2016-12-09 11:34:40,244 - ClasspathResourceLoader : initialization starting.
2016-12-09 11:34:40,244 - ClasspathResourceLoader : initialization complete.
2016-12-09 11:34:40,245 - ResourceCache : initialized. (class org.apache.velocity.runtime.resource.ResourceCacheImpl)
2016-12-09 11:34:40,246 - Default ResourceManager initialization complete.
2016-12-09 11:34:40,249 - Loaded System Directive: org.apache.velocity.runtime.directive.Literal
2016-12-09 11:34:40,252 - Loaded System Directive: org.apache.velocity.runtime.directive.Macro
2016-12-09 11:34:40,257 - Loaded System Directive: org.apache.velocity.runtime.directive.Parse
2016-12-09 11:34:40,259 - Loaded System Directive: org.apache.velocity.runtime.directive.Include
2016-12-09 11:34:40,260 - Loaded System Directive: org.apache.velocity.runtime.directive.Foreach
2016-12-09 11:34:40,289 - Created: 20 parsers.
2016-12-09 11:34:40,298 - Velocimacro : initialization starting.
2016-12-09 11:34:40,298 - Velocimacro : adding VMs from VM library template : VM_global_library.vm
2016-12-09 11:34:40,306 - ResourceManager : unable to find resource 'VM_global_library.vm' in any resource loader.
2016-12-09 11:34:40,306 - Velocimacro : error using  VM library template VM_global_library.vm : org.apache.velocity.exception.ResourceNotFoundException: Unable to find resource 'VM_global_library.vm'
2016-12-09 11:34:40,306 - Velocimacro :  VM library template macro registration complete.
2016-12-09 11:34:40,306 - Velocimacro : allowInline = true : VMs can be defined inline in templates
2016-12-09 11:34:40,306 - Velocimacro : allowInlineToOverride = false : VMs defined inline may NOT replace previous VM definitions
2016-12-09 11:34:40,306 - Velocimacro : allowInlineLocal = false : VMs defined inline will be  global in scope if allowed.
2016-12-09 11:34:40,306 - Velocimacro : messages on  : VM system will output logging messages
2016-12-09 11:34:40,306 - Velocimacro : autoload off  : VM system will not automatically reload global library macros
2016-12-09 11:34:40,306 - Velocimacro : initialization complete.
2016-12-09 11:34:40,306 - Velocity successfully started.
2016-12-09 11:35:07,125 - SimpleLog4JLogSystem initialized using logfile 'velocity.log'
2016-12-09 11:35:07,125 - ************************************************************** 
2016-12-09 11:35:07,125 - Starting Jakarta Velocity v1.4
2016-12-09 11:35:07,125 - RuntimeInstance initializing.
2016-12-09 11:35:07,125 - Default Properties File: org\apache\velocity\runtime\defaults\velocity.properties
2016-12-09 11:35:07,125 - Trying to use logger class org.apache.velocity.runtime.log.SimpleLog4JLogSystem
2016-12-09 11:35:07,125 - Using logger class org.apache.velocity.runtime.log.SimpleLog4JLogSystem
2016-12-09 11:35:07,127 - Default ResourceManager initializing. (class org.apache.velocity.runtime.resource.ResourceManagerImpl)
2016-12-09 11:35:07,129 - Resource Loader Instantiated: org.apache.velocity.runtime.resource.loader.ClasspathResourceLoader
2016-12-09 11:35:07,130 - ClasspathResourceLoader : initialization starting.
2016-12-09 11:35:07,130 - ClasspathResourceLoader : initialization complete.
2016-12-09 11:35:07,131 - ResourceCache : initialized. (class org.apache.velocity.runtime.resource.ResourceCacheImpl)
2016-12-09 11:35:07,131 - Default ResourceManager initialization complete.
2016-12-09 11:35:07,133 - Loaded System Directive: org.apache.velocity.runtime.directive.Literal
2016-12-09 11:35:07,135 - Loaded System Directive: org.apache.velocity.runtime.directive.Macro
2016-12-09 11:35:07,137 - Loaded System Directive: org.apache.velocity.runtime.directive.Parse
2016-12-09 11:35:07,139 - Loaded System Directive: org.apache.velocity.runtime.directive.Include
2016-12-09 11:35:07,140 - Loaded System Directive: org.apache.velocity.runtime.directive.Foreach
2016-12-09 11:35:07,160 - Created: 20 parsers.
2016-12-09 11:35:07,166 - Velocimacro : initialization starting.
2016-12-09 11:35:07,166 - Velocimacro : adding VMs from VM library template : VM_global_library.vm
2016-12-09 11:35:07,172 - ResourceManager : unable to find resource 'VM_global_library.vm' in any resource loader.
2016-12-09 11:35:07,172 - Velocimacro : error using  VM library template VM_global_library.vm : org.apache.velocity.exception.ResourceNotFoundException: Unable to find resource 'VM_global_library.vm'
2016-12-09 11:35:07,172 - Velocimacro :  VM library template macro registration complete.
2016-12-09 11:35:07,172 - Velocimacro : allowInline = true : VMs can be defined inline in templates
2016-12-09 11:35:07,172 - Velocimacro : allowInlineToOverride = false : VMs defined inline may NOT replace previous VM definitions
2016-12-09 11:35:07,172 - Velocimacro : allowInlineLocal = false : VMs defined inline will be  global in scope if allowed.
2016-12-09 11:35:07,172 - Velocimacro : messages on  : VM system will output logging messages
2016-12-09 11:35:07,172 - Velocimacro : autoload off  : VM system will not automatically reload global library macros
2016-12-09 11:35:07,173 - Velocimacro : initialization complete.
2016-12-09 11:35:07,173 - Velocity successfully started.
2016-12-09 11:35:52,495 - SimpleLog4JLogSystem initialized using logfile 'velocity.log'
2016-12-09 11:35:52,496 - ************************************************************** 
2016-12-09 11:35:52,496 - Starting Jakarta Velocity v1.4
2016-12-09 11:35:52,496 - RuntimeInstance initializing.
2016-12-09 11:35:52,496 - Default Properties File: org\apache\velocity\runtime\defaults\velocity.properties
2016-12-09 11:35:52,496 - Trying to use logger class org.apache.velocity.runtime.log.SimpleLog4JLogSystem
2016-12-09 11:35:52,496 - Using logger class org.apache.velocity.runtime.log.SimpleLog4JLogSystem
2016-12-09 11:35:52,498 - Default ResourceManager initializing. (class org.apache.velocity.runtime.resource.ResourceManagerImpl)
2016-12-09 11:35:52,500 - Resource Loader Instantiated: org.apache.velocity.runtime.resource.loader.ClasspathResourceLoader
2016-12-09 11:35:52,500 - ClasspathResourceLoader : initialization starting.
2016-12-09 11:35:52,500 - ClasspathResourceLoader : initialization complete.
2016-12-09 11:35:52,502 - ResourceCache : initialized. (class org.apache.velocity.runtime.resource.ResourceCacheImpl)
2016-12-09 11:35:52,502 - Default ResourceManager initialization complete.
2016-12-09 11:35:52,503 - Loaded System Directive: org.apache.velocity.runtime.directive.Literal
2016-12-09 11:35:52,505 - Loaded System Directive: org.apache.velocity.runtime.directive.Macro
2016-12-09 11:35:52,507 - Loaded System Directive: org.apache.velocity.runtime.directive.Parse
2016-12-09 11:35:52,508 - Loaded System Directive: org.apache.velocity.runtime.directive.Include
2016-12-09 11:35:52,509 - Loaded System Directive: org.apache.velocity.runtime.directive.Foreach
2016-12-09 11:35:52,528 - Created: 20 parsers.
2016-12-09 11:35:52,535 - Velocimacro : initialization starting.
2016-12-09 11:35:52,535 - Velocimacro : adding VMs from VM library template : VM_global_library.vm
2016-12-09 11:35:52,541 - ResourceManager : unable to find resource 'VM_global_library.vm' in any resource loader.
2016-12-09 11:35:52,541 - Velocimacro : error using  VM library template VM_global_library.vm : org.apache.velocity.exception.ResourceNotFoundException: Unable to find resource 'VM_global_library.vm'
2016-12-09 11:35:52,541 - Velocimacro :  VM library template macro registration complete.
2016-12-09 11:35:52,541 - Velocimacro : allowInline = true : VMs can be defined inline in templates
2016-12-09 11:35:52,541 - Velocimacro : allowInlineToOverride = false : VMs defined inline may NOT replace previous VM definitions
2016-12-09 11:35:52,541 - Velocimacro : allowInlineLocal = false : VMs defined inline will be  global in scope if allowed.
2016-12-09 11:35:52,541 - Velocimacro : messages on  : VM system will output logging messages
2016-12-09 11:35:52,541 - Velocimacro : autoload off  : VM system will not automatically reload global library macros
2016-12-09 11:35:52,541 - Velocimacro : initialization complete.
2016-12-09 11:35:52,541 - Velocity successfully started.
2016-12-09 11:36:30,605 - SimpleLog4JLogSystem initialized using logfile 'velocity.log'
2016-12-09 11:36:30,605 - ************************************************************** 
2016-12-09 11:36:30,605 - Starting Jakarta Velocity v1.4
2016-12-09 11:36:30,605 - RuntimeInstance initializing.
2016-12-09 11:36:30,605 - Default Properties File: org\apache\velocity\runtime\defaults\velocity.properties
2016-12-09 11:36:30,605 - Trying to use logger class org.apache.velocity.runtime.log.SimpleLog4JLogSystem
2016-12-09 11:36:30,605 - Using logger class org.apache.velocity.runtime.log.SimpleLog4JLogSystem
2016-12-09 11:36:30,608 - Default ResourceManager initializing. (class org.apache.velocity.runtime.resource.ResourceManagerImpl)
2016-12-09 11:36:30,610 - Resource Loader Instantiated: org.apache.velocity.runtime.resource.loader.ClasspathResourceLoader
2016-12-09 11:36:30,610 - ClasspathResourceLoader : initialization starting.
2016-12-09 11:36:30,610 - ClasspathResourceLoader : initialization complete.
2016-12-09 11:36:30,611 - ResourceCache : initialized. (class org.apache.velocity.runtime.resource.ResourceCacheImpl)
2016-12-09 11:36:30,611 - Default ResourceManager initialization complete.
2016-12-09 11:36:30,613 - Loaded System Directive: org.apache.velocity.runtime.directive.Literal
2016-12-09 11:36:30,614 - Loaded System Directive: org.apache.velocity.runtime.directive.Macro
2016-12-09 11:36:30,616 - Loaded System Directive: org.apache.velocity.runtime.directive.Parse
2016-12-09 11:36:30,618 - Loaded System Directive: org.apache.velocity.runtime.directive.Include
2016-12-09 11:36:30,619 - Loaded System Directive: org.apache.velocity.runtime.directive.Foreach
2016-12-09 11:36:30,638 - Created: 20 parsers.
2016-12-09 11:36:30,644 - Velocimacro : initialization starting.
2016-12-09 11:36:30,644 - Velocimacro : adding VMs from VM library template : VM_global_library.vm
2016-12-09 11:36:30,650 - ResourceManager : unable to find resource 'VM_global_library.vm' in any resource loader.
2016-12-09 11:36:30,650 - Velocimacro : error using  VM library template VM_global_library.vm : org.apache.velocity.exception.ResourceNotFoundException: Unable to find resource 'VM_global_library.vm'
2016-12-09 11:36:30,650 - Velocimacro :  VM library template macro registration complete.
2016-12-09 11:36:30,650 - Velocimacro : allowInline = true : VMs can be defined inline in templates
2016-12-09 11:36:30,650 - Velocimacro : allowInlineToOverride = false : VMs defined inline may NOT replace previous VM definitions
2016-12-09 11:36:30,650 - Velocimacro : allowInlineLocal = false : VMs defined inline will be  global in scope if allowed.
2016-12-09 11:36:30,650 - Velocimacro : messages on  : VM system will output logging messages
2016-12-09 11:36:30,650 - Velocimacro : autoload off  : VM system will not automatically reload global library macros
2016-12-09 11:36:30,650 - Velocimacro : initialization complete.
2016-12-09 11:36:30,650 - Velocity successfully started.
2016-12-09 11:38:29,062 - SimpleLog4JLogSystem initialized using logfile 'velocity.log'
2016-12-09 11:38:29,062 - ************************************************************** 
2016-12-09 11:38:29,062 - Starting Jakarta Velocity v1.4
2016-12-09 11:38:29,062 - RuntimeInstance initializing.
2016-12-09 11:38:29,062 - Default Properties File: org\apache\velocity\runtime\defaults\velocity.properties
2016-12-09 11:38:29,062 - Trying to use logger class org.apache.velocity.runtime.log.SimpleLog4JLogSystem
2016-12-09 11:38:29,062 - Using logger class org.apache.velocity.runtime.log.SimpleLog4JLogSystem
2016-12-09 11:38:29,065 - Default ResourceManager initializing. (class org.apache.velocity.runtime.resource.ResourceManagerImpl)
2016-12-09 11:38:29,067 - Resource Loader Instantiated: org.apache.velocity.runtime.resource.loader.ClasspathResourceLoader
2016-12-09 11:38:29,067 - ClasspathResourceLoader : initialization starting.
2016-12-09 11:38:29,067 - ClasspathResourceLoader : initialization complete.
2016-12-09 11:38:29,069 - ResourceCache : initialized. (class org.apache.velocity.runtime.resource.ResourceCacheImpl)
2016-12-09 11:38:29,069 - Default ResourceManager initialization complete.
2016-12-09 11:38:29,071 - Loaded System Directive: org.apache.velocity.runtime.directive.Literal
2016-12-09 11:38:29,072 - Loaded System Directive: org.apache.velocity.runtime.directive.Macro
2016-12-09 11:38:29,075 - Loaded System Directive: org.apache.velocity.runtime.directive.Parse
2016-12-09 11:38:29,076 - Loaded System Directive: org.apache.velocity.runtime.directive.Include
2016-12-09 11:38:29,078 - Loaded System Directive: org.apache.velocity.runtime.directive.Foreach
2016-12-09 11:38:29,103 - Created: 20 parsers.
2016-12-09 11:38:29,110 - Velocimacro : initialization starting.
2016-12-09 11:38:29,110 - Velocimacro : adding VMs from VM library template : VM_global_library.vm
2016-12-09 11:38:29,116 - ResourceManager : unable to find resource 'VM_global_library.vm' in any resource loader.
2016-12-09 11:38:29,116 - Velocimacro : error using  VM library template VM_global_library.vm : org.apache.velocity.exception.ResourceNotFoundException: Unable to find resource 'VM_global_library.vm'
2016-12-09 11:38:29,116 - Velocimacro :  VM library template macro registration complete.
2016-12-09 11:38:29,116 - Velocimacro : allowInline = true : VMs can be defined inline in templates
2016-12-09 11:38:29,116 - Velocimacro : allowInlineToOverride = false : VMs defined inline may NOT replace previous VM definitions
2016-12-09 11:38:29,116 - Velocimacro : allowInlineLocal = false : VMs defined inline will be  global in scope if allowed.
2016-12-09 11:38:29,116 - Velocimacro : messages on  : VM system will output logging messages
2016-12-09 11:38:29,116 - Velocimacro : autoload off  : VM system will not automatically reload global library macros
2016-12-09 11:38:29,117 - Velocimacro : initialization complete.
2016-12-09 11:38:29,117 - Velocity successfully started.
2016-12-09 11:40:19,040 - SimpleLog4JLogSystem initialized using logfile 'velocity.log'
2016-12-09 11:40:19,040 - ************************************************************** 
2016-12-09 11:40:19,040 - Starting Jakarta Velocity v1.4
2016-12-09 11:40:19,040 - RuntimeInstance initializing.
2016-12-09 11:40:19,040 - Default Properties File: org\apache\velocity\runtime\defaults\velocity.properties
2016-12-09 11:40:19,040 - Trying to use logger class org.apache.velocity.runtime.log.SimpleLog4JLogSystem
2016-12-09 11:40:19,040 - Using logger class org.apache.velocity.runtime.log.SimpleLog4JLogSystem
2016-12-09 11:40:19,043 - Default ResourceManager initializing. (class org.apache.velocity.runtime.resource.ResourceManagerImpl)
2016-12-09 11:40:19,046 - Resource Loader Instantiated: org.apache.velocity.runtime.resource.loader.ClasspathResourceLoader
2016-12-09 11:40:19,046 - ClasspathResourceLoader : initialization starting.
2016-12-09 11:40:19,046 - ClasspathResourceLoader : initialization complete.
2016-12-09 11:40:19,048 - ResourceCache : initialized. (class org.apache.velocity.runtime.resource.ResourceCacheImpl)
2016-12-09 11:40:19,048 - Default ResourceManager initialization complete.
2016-12-09 11:40:19,051 - Loaded System Directive: org.apache.velocity.runtime.directive.Literal
2016-12-09 11:40:19,053 - Loaded System Directive: org.apache.velocity.runtime.directive.Macro
2016-12-09 11:40:19,055 - Loaded System Directive: org.apache.velocity.runtime.directive.Parse
2016-12-09 11:40:19,058 - Loaded System Directive: org.apache.velocity.runtime.directive.Include
2016-12-09 11:40:19,059 - Loaded System Directive: org.apache.velocity.runtime.directive.Foreach
2016-12-09 11:40:19,085 - Created: 20 parsers.
2016-12-09 11:40:19,093 - Velocimacro : initialization starting.
2016-12-09 11:40:19,093 - Velocimacro : adding VMs from VM library template : VM_global_library.vm
2016-12-09 11:40:19,100 - ResourceManager : unable to find resource 'VM_global_library.vm' in any resource loader.
2016-12-09 11:40:19,101 - Velocimacro : error using  VM library template VM_global_library.vm : org.apache.velocity.exception.ResourceNotFoundException: Unable to find resource 'VM_global_library.vm'
2016-12-09 11:40:19,101 - Velocimacro :  VM library template macro registration complete.
2016-12-09 11:40:19,101 - Velocimacro : allowInline = true : VMs can be defined inline in templates
2016-12-09 11:40:19,101 - Velocimacro : allowInlineToOverride = false : VMs defined inline may NOT replace previous VM definitions
2016-12-09 11:40:19,101 - Velocimacro : allowInlineLocal = false : VMs defined inline will be  global in scope if allowed.
2016-12-09 11:40:19,101 - Velocimacro : messages on  : VM system will output logging messages
2016-12-09 11:40:19,101 - Velocimacro : autoload off  : VM system will not automatically reload global library macros
2016-12-09 11:40:19,101 - Velocimacro : initialization complete.
2016-12-09 11:40:19,101 - Velocity successfully started.
2016-12-09 11:40:27,143 - SimpleLog4JLogSystem initialized using logfile 'velocity.log'
2016-12-09 11:40:27,144 - ************************************************************** 
2016-12-09 11:40:27,144 - Starting Jakarta Velocity v1.4
2016-12-09 11:40:27,144 - RuntimeInstance initializing.
2016-12-09 11:40:27,144 - Default Properties File: org\apache\velocity\runtime\defaults\velocity.properties
2016-12-09 11:40:27,144 - Trying to use logger class org.apache.velocity.runtime.log.SimpleLog4JLogSystem
2016-12-09 11:40:27,144 - Using logger class org.apache.velocity.runtime.log.SimpleLog4JLogSystem
2016-12-09 11:40:27,147 - Default ResourceManager initializing. (class org.apache.velocity.runtime.resource.ResourceManagerImpl)
2016-12-09 11:40:27,150 - Resource Loader Instantiated: org.apache.velocity.runtime.resource.loader.ClasspathResourceLoader
2016-12-09 11:40:27,150 - ClasspathResourceLoader : initialization starting.
2016-12-09 11:40:27,150 - ClasspathResourceLoader : initialization complete.
2016-12-09 11:40:27,152 - ResourceCache : initialized. (class org.apache.velocity.runtime.resource.ResourceCacheImpl)
2016-12-09 11:40:27,152 - Default ResourceManager initialization complete.
2016-12-09 11:40:27,154 - Loaded System Directive: org.apache.velocity.runtime.directive.Literal
2016-12-09 11:40:27,156 - Loaded System Directive: org.apache.velocity.runtime.directive.Macro
2016-12-09 11:40:27,159 - Loaded System Directive: org.apache.velocity.runtime.directive.Parse
2016-12-09 11:40:27,161 - Loaded System Directive: org.apache.velocity.runtime.directive.Include
2016-12-09 11:40:27,162 - Loaded System Directive: org.apache.velocity.runtime.directive.Foreach
2016-12-09 11:40:27,188 - Created: 20 parsers.
2016-12-09 11:40:27,196 - Velocimacro : initialization starting.
2016-12-09 11:40:27,196 - Velocimacro : adding VMs from VM library template : VM_global_library.vm
2016-12-09 11:40:27,203 - ResourceManager : unable to find resource 'VM_global_library.vm' in any resource loader.
2016-12-09 11:40:27,203 - Velocimacro : error using  VM library template VM_global_library.vm : org.apache.velocity.exception.ResourceNotFoundException: Unable to find resource 'VM_global_library.vm'
2016-12-09 11:40:27,203 - Velocimacro :  VM library template macro registration complete.
2016-12-09 11:40:27,203 - Velocimacro : allowInline = true : VMs can be defined inline in templates
2016-12-09 11:40:27,203 - Velocimacro : allowInlineToOverride = false : VMs defined inline may NOT replace previous VM definitions
2016-12-09 11:40:27,203 - Velocimacro : allowInlineLocal = false : VMs defined inline will be  global in scope if allowed.
2016-12-09 11:40:27,203 - Velocimacro : messages on  : VM system will output logging messages
2016-12-09 11:40:27,203 - Velocimacro : autoload off  : VM system will not automatically reload global library macros
2016-12-09 11:40:27,203 - Velocimacro : initialization complete.
2016-12-09 11:40:27,203 - Velocity successfully started.
2016-12-09 11:40:59,565 - SimpleLog4JLogSystem initialized using logfile 'velocity.log'
2016-12-09 11:40:59,566 - ************************************************************** 
2016-12-09 11:40:59,566 - Starting Jakarta Velocity v1.4
2016-12-09 11:40:59,566 - RuntimeInstance initializing.
2016-12-09 11:40:59,566 - Default Properties File: org\apache\velocity\runtime\defaults\velocity.properties
2016-12-09 11:40:59,566 - Trying to use logger class org.apache.velocity.runtime.log.SimpleLog4JLogSystem
2016-12-09 11:40:59,566 - Using logger class org.apache.velocity.runtime.log.SimpleLog4JLogSystem
2016-12-09 11:40:59,568 - Default ResourceManager initializing. (class org.apache.velocity.runtime.resource.ResourceManagerImpl)
2016-12-09 11:40:59,570 - Resource Loader Instantiated: org.apache.velocity.runtime.resource.loader.ClasspathResourceLoader
2016-12-09 11:40:59,571 - ClasspathResourceLoader : initialization starting.
2016-12-09 11:40:59,571 - ClasspathResourceLoader : initialization complete.
2016-12-09 11:40:59,572 - ResourceCache : initialized. (class org.apache.velocity.runtime.resource.ResourceCacheImpl)
2016-12-09 11:40:59,572 - Default ResourceManager initialization complete.
2016-12-09 11:40:59,574 - Loaded System Directive: org.apache.velocity.runtime.directive.Literal
2016-12-09 11:40:59,575 - Loaded System Directive: org.apache.velocity.runtime.directive.Macro
2016-12-09 11:40:59,577 - Loaded System Directive: org.apache.velocity.runtime.directive.Parse
2016-12-09 11:40:59,579 - Loaded System Directive: org.apache.velocity.runtime.directive.Include
2016-12-09 11:40:59,580 - Loaded System Directive: org.apache.velocity.runtime.directive.Foreach
2016-12-09 11:40:59,600 - Created: 20 parsers.
2016-12-09 11:40:59,606 - Velocimacro : initialization starting.
2016-12-09 11:40:59,606 - Velocimacro : adding VMs from VM library template : VM_global_library.vm
2016-12-09 11:40:59,612 - ResourceManager : unable to find resource 'VM_global_library.vm' in any resource loader.
2016-12-09 11:40:59,612 - Velocimacro : error using  VM library template VM_global_library.vm : org.apache.velocity.exception.ResourceNotFoundException: Unable to find resource 'VM_global_library.vm'
2016-12-09 11:40:59,612 - Velocimacro :  VM library template macro registration complete.
2016-12-09 11:40:59,612 - Velocimacro : allowInline = true : VMs can be defined inline in templates
2016-12-09 11:40:59,612 - Velocimacro : allowInlineToOverride = false : VMs defined inline may NOT replace previous VM definitions
2016-12-09 11:40:59,612 - Velocimacro : allowInlineLocal = false : VMs defined inline will be  global in scope if allowed.
2016-12-09 11:40:59,612 - Velocimacro : messages on  : VM system will output logging messages
2016-12-09 11:40:59,612 - Velocimacro : autoload off  : VM system will not automatically reload global library macros
2016-12-09 11:40:59,612 - Velocimacro : initialization complete.
2016-12-09 11:40:59,612 - Velocity successfully started.
2016-12-09 11:41:26,185 - SimpleLog4JLogSystem initialized using logfile 'velocity.log'
2016-12-09 11:41:26,186 - ************************************************************** 
2016-12-09 11:41:26,186 - Starting Jakarta Velocity v1.4
2016-12-09 11:41:26,186 - RuntimeInstance initializing.
2016-12-09 11:41:26,186 - Default Properties File: org\apache\velocity\runtime\defaults\velocity.properties
2016-12-09 11:41:26,186 - Trying to use logger class org.apache.velocity.runtime.log.SimpleLog4JLogSystem
2016-12-09 11:41:26,186 - Using logger class org.apache.velocity.runtime.log.SimpleLog4JLogSystem
2016-12-09 11:41:26,188 - Default ResourceManager initializing. (class org.apache.velocity.runtime.resource.ResourceManagerImpl)
2016-12-09 11:41:26,190 - Resource Loader Instantiated: org.apache.velocity.runtime.resource.loader.ClasspathResourceLoader
2016-12-09 11:41:26,190 - ClasspathResourceLoader : initialization starting.
2016-12-09 11:41:26,190 - ClasspathResourceLoader : initialization complete.
2016-12-09 11:41:26,192 - ResourceCache : initialized. (class org.apache.velocity.runtime.resource.ResourceCacheImpl)
2016-12-09 11:41:26,192 - Default ResourceManager initialization complete.
2016-12-09 11:41:26,193 - Loaded System Directive: org.apache.velocity.runtime.directive.Literal
2016-12-09 11:41:26,195 - Loaded System Directive: org.apache.velocity.runtime.directive.Macro
2016-12-09 11:41:26,197 - Loaded System Directive: org.apache.velocity.runtime.directive.Parse
2016-12-09 11:41:26,199 - Loaded System Directive: org.apache.velocity.runtime.directive.Include
2016-12-09 11:41:26,200 - Loaded System Directive: org.apache.velocity.runtime.directive.Foreach
2016-12-09 11:41:26,220 - Created: 20 parsers.
2016-12-09 11:41:26,227 - Velocimacro : initialization starting.
2016-12-09 11:41:26,227 - Velocimacro : adding VMs from VM library template : VM_global_library.vm
2016-12-09 11:41:26,233 - ResourceManager : unable to find resource 'VM_global_library.vm' in any resource loader.
2016-12-09 11:41:26,233 - Velocimacro : error using  VM library template VM_global_library.vm : org.apache.velocity.exception.ResourceNotFoundException: Unable to find resource 'VM_global_library.vm'
2016-12-09 11:41:26,233 - Velocimacro :  VM library template macro registration complete.
2016-12-09 11:41:26,233 - Velocimacro : allowInline = true : VMs can be defined inline in templates
2016-12-09 11:41:26,233 - Velocimacro : allowInlineToOverride = false : VMs defined inline may NOT replace previous VM definitions
2016-12-09 11:41:26,233 - Velocimacro : allowInlineLocal = false : VMs defined inline will be  global in scope if allowed.
2016-12-09 11:41:26,233 - Velocimacro : messages on  : VM system will output logging messages
2016-12-09 11:41:26,233 - Velocimacro : autoload off  : VM system will not automatically reload global library macros
2016-12-09 11:41:26,233 - Velocimacro : initialization complete.
2016-12-09 11:41:26,233 - Velocity successfully started.
2016-12-09 11:42:38,440 - SimpleLog4JLogSystem initialized using logfile 'velocity.log'
2016-12-09 11:42:38,440 - ************************************************************** 
2016-12-09 11:42:38,440 - Starting Jakarta Velocity v1.4
2016-12-09 11:42:38,440 - RuntimeInstance initializing.
2016-12-09 11:42:38,440 - Default Properties File: org\apache\velocity\runtime\defaults\velocity.properties
2016-12-09 11:42:38,440 - Trying to use logger class org.apache.velocity.runtime.log.SimpleLog4JLogSystem
2016-12-09 11:42:38,440 - Using logger class org.apache.velocity.runtime.log.SimpleLog4JLogSystem
2016-12-09 11:42:38,443 - Default ResourceManager initializing. (class org.apache.velocity.runtime.resource.ResourceManagerImpl)
2016-12-09 11:42:38,446 - Resource Loader Instantiated: org.apache.velocity.runtime.resource.loader.ClasspathResourceLoader
2016-12-09 11:42:38,446 - ClasspathResourceLoader : initialization starting.
2016-12-09 11:42:38,446 - ClasspathResourceLoader : initialization complete.
2016-12-09 11:42:38,448 - ResourceCache : initialized. (class org.apache.velocity.runtime.resource.ResourceCacheImpl)
2016-12-09 11:42:38,448 - Default ResourceManager initialization complete.
2016-12-09 11:42:38,450 - Loaded System Directive: org.apache.velocity.runtime.directive.Literal
2016-12-09 11:42:38,452 - Loaded System Directive: org.apache.velocity.runtime.directive.Macro
2016-12-09 11:42:38,455 - Loaded System Directive: org.apache.velocity.runtime.directive.Parse
2016-12-09 11:42:38,458 - Loaded System Directive: org.apache.velocity.runtime.directive.Include
2016-12-09 11:42:38,459 - Loaded System Directive: org.apache.velocity.runtime.directive.Foreach
2016-12-09 11:42:38,487 - Created: 20 parsers.
2016-12-09 11:42:38,496 - Velocimacro : initialization starting.
2016-12-09 11:42:38,496 - Velocimacro : adding VMs from VM library template : VM_global_library.vm
2016-12-09 11:42:38,504 - ResourceManager : unable to find resource 'VM_global_library.vm' in any resource loader.
2016-12-09 11:42:38,504 - Velocimacro : error using  VM library template VM_global_library.vm : org.apache.velocity.exception.ResourceNotFoundException: Unable to find resource 'VM_global_library.vm'
2016-12-09 11:42:38,504 - Velocimacro :  VM library template macro registration complete.
2016-12-09 11:42:38,504 - Velocimacro : allowInline = true : VMs can be defined inline in templates
2016-12-09 11:42:38,504 - Velocimacro : allowInlineToOverride = false : VMs defined inline may NOT replace previous VM definitions
2016-12-09 11:42:38,504 - Velocimacro : allowInlineLocal = false : VMs defined inline will be  global in scope if allowed.
2016-12-09 11:42:38,504 - Velocimacro : messages on  : VM system will output logging messages
2016-12-09 11:42:38,504 - Velocimacro : autoload off  : VM system will not automatically reload global library macros
2016-12-09 11:42:38,504 - Velocimacro : initialization complete.
2016-12-09 11:42:38,504 - Velocity successfully started.
2016-12-09 11:43:44,130 - SimpleLog4JLogSystem initialized using logfile 'velocity.log'
2016-12-09 11:43:44,131 - ************************************************************** 
2016-12-09 11:43:44,131 - Starting Jakarta Velocity v1.4
2016-12-09 11:43:44,131 - RuntimeInstance initializing.
2016-12-09 11:43:44,131 - Default Properties File: org\apache\velocity\runtime\defaults\velocity.properties
2016-12-09 11:43:44,131 - Trying to use logger class org.apache.velocity.runtime.log.SimpleLog4JLogSystem
2016-12-09 11:43:44,131 - Using logger class org.apache.velocity.runtime.log.SimpleLog4JLogSystem
2016-12-09 11:43:44,133 - Default ResourceManager initializing. (class org.apache.velocity.runtime.resource.ResourceManagerImpl)
2016-12-09 11:43:44,136 - Resource Loader Instantiated: org.apache.velocity.runtime.resource.loader.ClasspathResourceLoader
2016-12-09 11:43:44,136 - ClasspathResourceLoader : initialization starting.
2016-12-09 11:43:44,136 - ClasspathResourceLoader : initialization complete.
2016-12-09 11:43:44,137 - ResourceCache : initialized. (class org.apache.velocity.runtime.resource.ResourceCacheImpl)
2016-12-09 11:43:44,137 - Default ResourceManager initialization complete.
2016-12-09 11:43:44,140 - Loaded System Directive: org.apache.velocity.runtime.directive.Literal
2016-12-09 11:43:44,141 - Loaded System Directive: org.apache.velocity.runtime.directive.Macro
2016-12-09 11:43:44,143 - Loaded System Directive: org.apache.velocity.runtime.directive.Parse
2016-12-09 11:43:44,145 - Loaded System Directive: org.apache.velocity.runtime.directive.Include
2016-12-09 11:43:44,145 - Loaded System Directive: org.apache.velocity.runtime.directive.Foreach
2016-12-09 11:43:44,167 - Created: 20 parsers.
2016-12-09 11:43:44,174 - Velocimacro : initialization starting.
2016-12-09 11:43:44,174 - Velocimacro : adding VMs from VM library template : VM_global_library.vm
2016-12-09 11:43:44,180 - ResourceManager : unable to find resource 'VM_global_library.vm' in any resource loader.
2016-12-09 11:43:44,180 - Velocimacro : error using  VM library template VM_global_library.vm : org.apache.velocity.exception.ResourceNotFoundException: Unable to find resource 'VM_global_library.vm'
2016-12-09 11:43:44,180 - Velocimacro :  VM library template macro registration complete.
2016-12-09 11:43:44,180 - Velocimacro : allowInline = true : VMs can be defined inline in templates
2016-12-09 11:43:44,180 - Velocimacro : allowInlineToOverride = false : VMs defined inline may NOT replace previous VM definitions
2016-12-09 11:43:44,180 - Velocimacro : allowInlineLocal = false : VMs defined inline will be  global in scope if allowed.
2016-12-09 11:43:44,180 - Velocimacro : messages on  : VM system will output logging messages
2016-12-09 11:43:44,180 - Velocimacro : autoload off  : VM system will not automatically reload global library macros
2016-12-09 11:43:44,180 - Velocimacro : initialization complete.
2016-12-09 11:43:44,180 - Velocity successfully started.
2016-12-09 11:53:56,355 - SimpleLog4JLogSystem initialized using logfile 'velocity.log'
2016-12-09 11:53:56,355 - ************************************************************** 
2016-12-09 11:53:56,356 - Starting Jakarta Velocity v1.4
2016-12-09 11:53:56,356 - RuntimeInstance initializing.
2016-12-09 11:53:56,356 - Default Properties File: org\apache\velocity\runtime\defaults\velocity.properties
2016-12-09 11:53:56,356 - Trying to use logger class org.apache.velocity.runtime.log.SimpleLog4JLogSystem
2016-12-09 11:53:56,356 - Using logger class org.apache.velocity.runtime.log.SimpleLog4JLogSystem
2016-12-09 11:53:56,360 - Default ResourceManager initializing. (class org.apache.velocity.runtime.resource.ResourceManagerImpl)
2016-12-09 11:53:56,363 - Resource Loader Instantiated: org.apache.velocity.runtime.resource.loader.ClasspathResourceLoader
2016-12-09 11:53:56,363 - ClasspathResourceLoader : initialization starting.
2016-12-09 11:53:56,363 - ClasspathResourceLoader : initialization complete.
2016-12-09 11:53:56,409 - ResourceCache : initialized. (class org.apache.velocity.runtime.resource.ResourceCacheImpl)
2016-12-09 11:53:56,410 - Default ResourceManager initialization complete.
2016-12-09 11:53:56,423 - Loaded System Directive: org.apache.velocity.runtime.directive.Literal
2016-12-09 11:53:56,425 - Loaded System Directive: org.apache.velocity.runtime.directive.Macro
2016-12-09 11:53:56,464 - Loaded System Directive: org.apache.velocity.runtime.directive.Parse
2016-12-09 11:53:56,468 - Loaded System Directive: org.apache.velocity.runtime.directive.Include
2016-12-09 11:53:56,470 - Loaded System Directive: org.apache.velocity.runtime.directive.Foreach
2016-12-09 11:53:56,571 - Created: 20 parsers.
2016-12-09 11:53:56,580 - Velocimacro : initialization starting.
2016-12-09 11:53:56,580 - Velocimacro : adding VMs from VM library template : VM_global_library.vm
2016-12-09 11:53:56,587 - ResourceManager : unable to find resource 'VM_global_library.vm' in any resource loader.
2016-12-09 11:53:56,587 - Velocimacro : error using  VM library template VM_global_library.vm : org.apache.velocity.exception.ResourceNotFoundException: Unable to find resource 'VM_global_library.vm'
2016-12-09 11:53:56,588 - Velocimacro :  VM library template macro registration complete.
2016-12-09 11:53:56,588 - Velocimacro : allowInline = true : VMs can be defined inline in templates
2016-12-09 11:53:56,588 - Velocimacro : allowInlineToOverride = false : VMs defined inline may NOT replace previous VM definitions
2016-12-09 11:53:56,588 - Velocimacro : allowInlineLocal = false : VMs defined inline will be  global in scope if allowed.
2016-12-09 11:53:56,588 - Velocimacro : messages on  : VM system will output logging messages
2016-12-09 11:53:56,588 - Velocimacro : autoload off  : VM system will not automatically reload global library macros
2016-12-09 11:53:56,588 - Velocimacro : initialization complete.
2016-12-09 11:53:56,588 - Velocity successfully started.
2016-12-09 11:54:01,498 - SimpleLog4JLogSystem initialized using logfile 'velocity.log'
2016-12-09 11:54:01,499 - ************************************************************** 
2016-12-09 11:54:01,499 - Starting Jakarta Velocity v1.4
2016-12-09 11:54:01,499 - RuntimeInstance initializing.
2016-12-09 11:54:01,499 - Default Properties File: org\apache\velocity\runtime\defaults\velocity.properties
2016-12-09 11:54:01,499 - Trying to use logger class org.apache.velocity.runtime.log.SimpleLog4JLogSystem
2016-12-09 11:54:01,499 - Using logger class org.apache.velocity.runtime.log.SimpleLog4JLogSystem
2016-12-09 11:54:01,502 - Default ResourceManager initializing. (class org.apache.velocity.runtime.resource.ResourceManagerImpl)
2016-12-09 11:54:01,505 - Resource Loader Instantiated: org.apache.velocity.runtime.resource.loader.ClasspathResourceLoader
2016-12-09 11:54:01,505 - ClasspathResourceLoader : initialization starting.
2016-12-09 11:54:01,506 - ClasspathResourceLoader : initialization complete.
2016-12-09 11:54:01,507 - ResourceCache : initialized. (class org.apache.velocity.runtime.resource.ResourceCacheImpl)
2016-12-09 11:54:01,508 - Default ResourceManager initialization complete.
2016-12-09 11:54:01,510 - Loaded System Directive: org.apache.velocity.runtime.directive.Literal
2016-12-09 11:54:01,513 - Loaded System Directive: org.apache.velocity.runtime.directive.Macro
2016-12-09 11:54:01,516 - Loaded System Directive: org.apache.velocity.runtime.directive.Parse
2016-12-09 11:54:01,519 - Loaded System Directive: org.apache.velocity.runtime.directive.Include
2016-12-09 11:54:01,521 - Loaded System Directive: org.apache.velocity.runtime.directive.Foreach
2016-12-09 11:54:01,553 - Created: 20 parsers.
2016-12-09 11:54:01,561 - Velocimacro : initialization starting.
2016-12-09 11:54:01,561 - Velocimacro : adding VMs from VM library template : VM_global_library.vm
2016-12-09 11:54:01,568 - ResourceManager : unable to find resource 'VM_global_library.vm' in any resource loader.
2016-12-09 11:54:01,568 - Velocimacro : error using  VM library template VM_global_library.vm : org.apache.velocity.exception.ResourceNotFoundException: Unable to find resource 'VM_global_library.vm'
2016-12-09 11:54:01,568 - Velocimacro :  VM library template macro registration complete.
2016-12-09 11:54:01,568 - Velocimacro : allowInline = true : VMs can be defined inline in templates
2016-12-09 11:54:01,568 - Velocimacro : allowInlineToOverride = false : VMs defined inline may NOT replace previous VM definitions
2016-12-09 11:54:01,568 - Velocimacro : allowInlineLocal = false : VMs defined inline will be  global in scope if allowed.
2016-12-09 11:54:01,568 - Velocimacro : messages on  : VM system will output logging messages
2016-12-09 11:54:01,568 - Velocimacro : autoload off  : VM system will not automatically reload global library macros
2016-12-09 11:54:01,569 - Velocimacro : initialization complete.
2016-12-09 11:54:01,569 - Velocity successfully started.
2016-12-09 11:56:05,343 - SimpleLog4JLogSystem initialized using logfile 'velocity.log'
2016-12-09 11:56:05,343 - ************************************************************** 
2016-12-09 11:56:05,344 - Starting Jakarta Velocity v1.4
2016-12-09 11:56:05,344 - RuntimeInstance initializing.
2016-12-09 11:56:05,344 - Default Properties File: org\apache\velocity\runtime\defaults\velocity.properties
2016-12-09 11:56:05,344 - Trying to use logger class org.apache.velocity.runtime.log.SimpleLog4JLogSystem
2016-12-09 11:56:05,344 - Using logger class org.apache.velocity.runtime.log.SimpleLog4JLogSystem
2016-12-09 11:56:05,346 - Default ResourceManager initializing. (class org.apache.velocity.runtime.resource.ResourceManagerImpl)
2016-12-09 11:56:05,348 - Resource Loader Instantiated: org.apache.velocity.runtime.resource.loader.ClasspathResourceLoader
2016-12-09 11:56:05,349 - ClasspathResourceLoader : initialization starting.
2016-12-09 11:56:05,349 - ClasspathResourceLoader : initialization complete.
2016-12-09 11:56:05,350 - ResourceCache : initialized. (class org.apache.velocity.runtime.resource.ResourceCacheImpl)
2016-12-09 11:56:05,350 - Default ResourceManager initialization complete.
2016-12-09 11:56:05,353 - Loaded System Directive: org.apache.velocity.runtime.directive.Literal
2016-12-09 11:56:05,355 - Loaded System Directive: org.apache.velocity.runtime.directive.Macro
2016-12-09 11:56:05,357 - Loaded System Directive: org.apache.velocity.runtime.directive.Parse
2016-12-09 11:56:05,358 - Loaded System Directive: org.apache.velocity.runtime.directive.Include
2016-12-09 11:56:05,359 - Loaded System Directive: org.apache.velocity.runtime.directive.Foreach
2016-12-09 11:56:05,382 - Created: 20 parsers.
2016-12-09 11:56:05,387 - Velocimacro : initialization starting.
2016-12-09 11:56:05,388 - Velocimacro : adding VMs from VM library template : VM_global_library.vm
2016-12-09 11:56:05,394 - ResourceManager : unable to find resource 'VM_global_library.vm' in any resource loader.
2016-12-09 11:56:05,394 - Velocimacro : error using  VM library template VM_global_library.vm : org.apache.velocity.exception.ResourceNotFoundException: Unable to find resource 'VM_global_library.vm'
2016-12-09 11:56:05,394 - Velocimacro :  VM library template macro registration complete.
2016-12-09 11:56:05,394 - Velocimacro : allowInline = true : VMs can be defined inline in templates
2016-12-09 11:56:05,394 - Velocimacro : allowInlineToOverride = false : VMs defined inline may NOT replace previous VM definitions
2016-12-09 11:56:05,394 - Velocimacro : allowInlineLocal = false : VMs defined inline will be  global in scope if allowed.
2016-12-09 11:56:05,394 - Velocimacro : messages on  : VM system will output logging messages
2016-12-09 11:56:05,394 - Velocimacro : autoload off  : VM system will not automatically reload global library macros
2016-12-09 11:56:05,394 - Velocimacro : initialization complete.
2016-12-09 11:56:05,394 - Velocity successfully started.
2016-12-09 12:01:16,498 - SimpleLog4JLogSystem initialized using logfile 'velocity.log'
2016-12-09 12:01:16,499 - ************************************************************** 
2016-12-09 12:01:16,499 - Starting Jakarta Velocity v1.4
2016-12-09 12:01:16,499 - RuntimeInstance initializing.
2016-12-09 12:01:16,499 - Default Properties File: org\apache\velocity\runtime\defaults\velocity.properties
2016-12-09 12:01:16,499 - Trying to use logger class org.apache.velocity.runtime.log.SimpleLog4JLogSystem
2016-12-09 12:01:16,499 - Using logger class org.apache.velocity.runtime.log.SimpleLog4JLogSystem
2016-12-09 12:01:16,502 - Default ResourceManager initializing. (class org.apache.velocity.runtime.resource.ResourceManagerImpl)
2016-12-09 12:01:16,506 - Resource Loader Instantiated: org.apache.velocity.runtime.resource.loader.ClasspathResourceLoader
2016-12-09 12:01:16,506 - ClasspathResourceLoader : initialization starting.
2016-12-09 12:01:16,506 - ClasspathResourceLoader : initialization complete.
2016-12-09 12:01:16,508 - ResourceCache : initialized. (class org.apache.velocity.runtime.resource.ResourceCacheImpl)
2016-12-09 12:01:16,509 - Default ResourceManager initialization complete.
2016-12-09 12:01:16,513 - Loaded System Directive: org.apache.velocity.runtime.directive.Literal
2016-12-09 12:01:16,516 - Loaded System Directive: org.apache.velocity.runtime.directive.Macro
2016-12-09 12:01:16,519 - Loaded System Directive: org.apache.velocity.runtime.directive.Parse
2016-12-09 12:01:16,524 - Loaded System Directive: org.apache.velocity.runtime.directive.Include
2016-12-09 12:01:16,525 - Loaded System Directive: org.apache.velocity.runtime.directive.Foreach
2016-12-09 12:01:16,558 - Created: 20 parsers.
2016-12-09 12:01:16,566 - Velocimacro : initialization starting.
2016-12-09 12:01:16,566 - Velocimacro : adding VMs from VM library template : VM_global_library.vm
2016-12-09 12:01:16,576 - ResourceManager : unable to find resource 'VM_global_library.vm' in any resource loader.
2016-12-09 12:01:16,576 - Velocimacro : error using  VM library template VM_global_library.vm : org.apache.velocity.exception.ResourceNotFoundException: Unable to find resource 'VM_global_library.vm'
2016-12-09 12:01:16,576 - Velocimacro :  VM library template macro registration complete.
2016-12-09 12:01:16,576 - Velocimacro : allowInline = true : VMs can be defined inline in templates
2016-12-09 12:01:16,576 - Velocimacro : allowInlineToOverride = false : VMs defined inline may NOT replace previous VM definitions
2016-12-09 12:01:16,577 - Velocimacro : allowInlineLocal = false : VMs defined inline will be  global in scope if allowed.
2016-12-09 12:01:16,577 - Velocimacro : messages on  : VM system will output logging messages
2016-12-09 12:01:16,577 - Velocimacro : autoload off  : VM system will not automatically reload global library macros
2016-12-09 12:01:16,577 - Velocimacro : initialization complete.
2016-12-09 12:01:16,577 - Velocity successfully started.
2016-12-09 12:02:49,765 - SimpleLog4JLogSystem initialized using logfile 'velocity.log'
2016-12-09 12:02:49,765 - ************************************************************** 
2016-12-09 12:02:49,765 - Starting Jakarta Velocity v1.4
2016-12-09 12:02:49,765 - RuntimeInstance initializing.
2016-12-09 12:02:49,765 - Default Properties File: org\apache\velocity\runtime\defaults\velocity.properties
2016-12-09 12:02:49,765 - Trying to use logger class org.apache.velocity.runtime.log.SimpleLog4JLogSystem
2016-12-09 12:02:49,765 - Using logger class org.apache.velocity.runtime.log.SimpleLog4JLogSystem
2016-12-09 12:02:49,769 - Default ResourceManager initializing. (class org.apache.velocity.runtime.resource.ResourceManagerImpl)
2016-12-09 12:02:49,772 - Resource Loader Instantiated: org.apache.velocity.runtime.resource.loader.ClasspathResourceLoader
2016-12-09 12:02:49,772 - ClasspathResourceLoader : initialization starting.
2016-12-09 12:02:49,773 - ClasspathResourceLoader : initialization complete.
2016-12-09 12:02:49,775 - ResourceCache : initialized. (class org.apache.velocity.runtime.resource.ResourceCacheImpl)
2016-12-09 12:02:49,775 - Default ResourceManager initialization complete.
2016-12-09 12:02:49,778 - Loaded System Directive: org.apache.velocity.runtime.directive.Literal
2016-12-09 12:02:49,781 - Loaded System Directive: org.apache.velocity.runtime.directive.Macro
2016-12-09 12:02:49,784 - Loaded System Directive: org.apache.velocity.runtime.directive.Parse
2016-12-09 12:02:49,787 - Loaded System Directive: org.apache.velocity.runtime.directive.Include
2016-12-09 12:02:49,789 - Loaded System Directive: org.apache.velocity.runtime.directive.Foreach
2016-12-09 12:02:49,816 - Created: 20 parsers.
2016-12-09 12:02:49,824 - Velocimacro : initialization starting.
2016-12-09 12:02:49,824 - Velocimacro : adding VMs from VM library template : VM_global_library.vm
2016-12-09 12:02:49,832 - ResourceManager : unable to find resource 'VM_global_library.vm' in any resource loader.
2016-12-09 12:02:49,832 - Velocimacro : error using  VM library template VM_global_library.vm : org.apache.velocity.exception.ResourceNotFoundException: Unable to find resource 'VM_global_library.vm'
2016-12-09 12:02:49,832 - Velocimacro :  VM library template macro registration complete.
2016-12-09 12:02:49,832 - Velocimacro : allowInline = true : VMs can be defined inline in templates
2016-12-09 12:02:49,832 - Velocimacro : allowInlineToOverride = false : VMs defined inline may NOT replace previous VM definitions
2016-12-09 12:02:49,832 - Velocimacro : allowInlineLocal = false : VMs defined inline will be  global in scope if allowed.
2016-12-09 12:02:49,832 - Velocimacro : messages on  : VM system will output logging messages
2016-12-09 12:02:49,832 - Velocimacro : autoload off  : VM system will not automatically reload global library macros
2016-12-09 12:02:49,832 - Velocimacro : initialization complete.
2016-12-09 12:02:49,832 - Velocity successfully started.
2016-12-09 12:04:04,576 - SimpleLog4JLogSystem initialized using logfile 'velocity.log'
2016-12-09 12:04:04,576 - ************************************************************** 
2016-12-09 12:04:04,576 - Starting Jakarta Velocity v1.4
2016-12-09 12:04:04,576 - RuntimeInstance initializing.
2016-12-09 12:04:04,576 - Default Properties File: org\apache\velocity\runtime\defaults\velocity.properties
2016-12-09 12:04:04,576 - Trying to use logger class org.apache.velocity.runtime.log.SimpleLog4JLogSystem
2016-12-09 12:04:04,576 - Using logger class org.apache.velocity.runtime.log.SimpleLog4JLogSystem
2016-12-09 12:04:04,579 - Default ResourceManager initializing. (class org.apache.velocity.runtime.resource.ResourceManagerImpl)
2016-12-09 12:04:04,581 - Resource Loader Instantiated: org.apache.velocity.runtime.resource.loader.ClasspathResourceLoader
2016-12-09 12:04:04,581 - ClasspathResourceLoader : initialization starting.
2016-12-09 12:04:04,581 - ClasspathResourceLoader : initialization complete.
2016-12-09 12:04:04,583 - ResourceCache : initialized. (class org.apache.velocity.runtime.resource.ResourceCacheImpl)
2016-12-09 12:04:04,583 - Default ResourceManager initialization complete.
2016-12-09 12:04:04,585 - Loaded System Directive: org.apache.velocity.runtime.directive.Literal
2016-12-09 12:04:04,586 - Loaded System Directive: org.apache.velocity.runtime.directive.Macro
2016-12-09 12:04:04,588 - Loaded System Directive: org.apache.velocity.runtime.directive.Parse
2016-12-09 12:04:04,590 - Loaded System Directive: org.apache.velocity.runtime.directive.Include
2016-12-09 12:04:04,590 - Loaded System Directive: org.apache.velocity.runtime.directive.Foreach
2016-12-09 12:04:04,611 - Created: 20 parsers.
2016-12-09 12:04:04,618 - Velocimacro : initialization starting.
2016-12-09 12:04:04,618 - Velocimacro : adding VMs from VM library template : VM_global_library.vm
2016-12-09 12:04:04,624 - ResourceManager : unable to find resource 'VM_global_library.vm' in any resource loader.
2016-12-09 12:04:04,624 - Velocimacro : error using  VM library template VM_global_library.vm : org.apache.velocity.exception.ResourceNotFoundException: Unable to find resource 'VM_global_library.vm'
2016-12-09 12:04:04,624 - Velocimacro :  VM library template macro registration complete.
2016-12-09 12:04:04,624 - Velocimacro : allowInline = true : VMs can be defined inline in templates
2016-12-09 12:04:04,624 - Velocimacro : allowInlineToOverride = false : VMs defined inline may NOT replace previous VM definitions
2016-12-09 12:04:04,624 - Velocimacro : allowInlineLocal = false : VMs defined inline will be  global in scope if allowed.
2016-12-09 12:04:04,624 - Velocimacro : messages on  : VM system will output logging messages
2016-12-09 12:04:04,624 - Velocimacro : autoload off  : VM system will not automatically reload global library macros
2016-12-09 12:04:04,625 - Velocimacro : initialization complete.
2016-12-09 12:04:04,625 - Velocity successfully started.
2016-12-09 15:54:54,535 - SimpleLog4JLogSystem initialized using logfile 'velocity.log'
2016-12-09 15:54:54,546 - ************************************************************** 
2016-12-09 15:54:54,546 - Starting Jakarta Velocity v1.4
2016-12-09 15:54:54,546 - RuntimeInstance initializing.
2016-12-09 15:54:54,546 - Default Properties File: org\apache\velocity\runtime\defaults\velocity.properties
2016-12-09 15:54:54,546 - Trying to use logger class org.apache.velocity.runtime.log.SimpleLog4JLogSystem
2016-12-09 15:54:54,546 - Using logger class org.apache.velocity.runtime.log.SimpleLog4JLogSystem
2016-12-09 15:54:54,550 - Default ResourceManager initializing. (class org.apache.velocity.runtime.resource.ResourceManagerImpl)
2016-12-09 15:54:54,553 - Resource Loader Instantiated: org.apache.velocity.runtime.resource.loader.ClasspathResourceLoader
2016-12-09 15:54:54,553 - ClasspathResourceLoader : initialization starting.
2016-12-09 15:54:54,553 - ClasspathResourceLoader : initialization complete.
2016-12-09 15:54:54,554 - ResourceCache : initialized. (class org.apache.velocity.runtime.resource.ResourceCacheImpl)
2016-12-09 15:54:54,554 - Default ResourceManager initialization complete.
2016-12-09 15:54:54,556 - Loaded System Directive: org.apache.velocity.runtime.directive.Literal
2016-12-09 15:54:54,558 - Loaded System Directive: org.apache.velocity.runtime.directive.Macro
2016-12-09 15:54:54,560 - Loaded System Directive: org.apache.velocity.runtime.directive.Parse
2016-12-09 15:54:54,562 - Loaded System Directive: org.apache.velocity.runtime.directive.Include
2016-12-09 15:54:54,563 - Loaded System Directive: org.apache.velocity.runtime.directive.Foreach
2016-12-09 15:54:54,584 - Created: 20 parsers.
2016-12-09 15:54:54,590 - Velocimacro : initialization starting.
2016-12-09 15:54:54,590 - Velocimacro : adding VMs from VM library template : VM_global_library.vm
2016-12-09 15:54:54,597 - ResourceManager : unable to find resource 'VM_global_library.vm' in any resource loader.
2016-12-09 15:54:54,597 - Velocimacro : error using  VM library template VM_global_library.vm : org.apache.velocity.exception.ResourceNotFoundException: Unable to find resource 'VM_global_library.vm'
2016-12-09 15:54:54,597 - Velocimacro :  VM library template macro registration complete.
2016-12-09 15:54:54,597 - Velocimacro : allowInline = true : VMs can be defined inline in templates
2016-12-09 15:54:54,597 - Velocimacro : allowInlineToOverride = false : VMs defined inline may NOT replace previous VM definitions
2016-12-09 15:54:54,597 - Velocimacro : allowInlineLocal = false : VMs defined inline will be  global in scope if allowed.
2016-12-09 15:54:54,597 - Velocimacro : messages on  : VM system will output logging messages
2016-12-09 15:54:54,597 - Velocimacro : autoload off  : VM system will not automatically reload global library macros
2016-12-09 15:54:54,597 - Velocimacro : initialization complete.
2016-12-09 15:54:54,597 - Velocity successfully started.
2016-12-09 16:00:13,330 - SimpleLog4JLogSystem initialized using logfile 'velocity.log'
2016-12-09 16:00:13,330 - ************************************************************** 
2016-12-09 16:00:13,330 - Starting Jakarta Velocity v1.4
2016-12-09 16:00:13,330 - RuntimeInstance initializing.
2016-12-09 16:00:13,330 - Default Properties File: org\apache\velocity\runtime\defaults\velocity.properties
2016-12-09 16:00:13,330 - Trying to use logger class org.apache.velocity.runtime.log.SimpleLog4JLogSystem
2016-12-09 16:00:13,330 - Using logger class org.apache.velocity.runtime.log.SimpleLog4JLogSystem
2016-12-09 16:00:13,332 - Default ResourceManager initializing. (class org.apache.velocity.runtime.resource.ResourceManagerImpl)
2016-12-09 16:00:13,335 - Resource Loader Instantiated: org.apache.velocity.runtime.resource.loader.ClasspathResourceLoader
2016-12-09 16:00:13,335 - ClasspathResourceLoader : initialization starting.
2016-12-09 16:00:13,335 - ClasspathResourceLoader : initialization complete.
2016-12-09 16:00:13,336 - ResourceCache : initialized. (class org.apache.velocity.runtime.resource.ResourceCacheImpl)
2016-12-09 16:00:13,336 - Default ResourceManager initialization complete.
2016-12-09 16:00:13,338 - Loaded System Directive: org.apache.velocity.runtime.directive.Literal
2016-12-09 16:00:13,339 - Loaded System Directive: org.apache.velocity.runtime.directive.Macro
2016-12-09 16:00:13,341 - Loaded System Directive: org.apache.velocity.runtime.directive.Parse
2016-12-09 16:00:13,343 - Loaded System Directive: org.apache.velocity.runtime.directive.Include
2016-12-09 16:00:13,344 - Loaded System Directive: org.apache.velocity.runtime.directive.Foreach
2016-12-09 16:00:13,364 - Created: 20 parsers.
2016-12-09 16:00:13,370 - Velocimacro : initialization starting.
2016-12-09 16:00:13,370 - Velocimacro : adding VMs from VM library template : VM_global_library.vm
2016-12-09 16:00:13,376 - ResourceManager : unable to find resource 'VM_global_library.vm' in any resource loader.
2016-12-09 16:00:13,376 - Velocimacro : error using  VM library template VM_global_library.vm : org.apache.velocity.exception.ResourceNotFoundException: Unable to find resource 'VM_global_library.vm'
2016-12-09 16:00:13,376 - Velocimacro :  VM library template macro registration complete.
2016-12-09 16:00:13,376 - Velocimacro : allowInline = true : VMs can be defined inline in templates
2016-12-09 16:00:13,376 - Velocimacro : allowInlineToOverride = false : VMs defined inline may NOT replace previous VM definitions
2016-12-09 16:00:13,376 - Velocimacro : allowInlineLocal = false : VMs defined inline will be  global in scope if allowed.
2016-12-09 16:00:13,376 - Velocimacro : messages on  : VM system will output logging messages
2016-12-09 16:00:13,376 - Velocimacro : autoload off  : VM system will not automatically reload global library macros
2016-12-09 16:00:13,376 - Velocimacro : initialization complete.
2016-12-09 16:00:13,376 - Velocity successfully started.
2016-12-09 16:37:02,369 - SimpleLog4JLogSystem initialized using logfile 'velocity.log'
2016-12-09 16:37:02,369 - ************************************************************** 
2016-12-09 16:37:02,369 - Starting Jakarta Velocity v1.4
2016-12-09 16:37:02,369 - RuntimeInstance initializing.
2016-12-09 16:37:02,369 - Default Properties File: org\apache\velocity\runtime\defaults\velocity.properties
2016-12-09 16:37:02,369 - Trying to use logger class org.apache.velocity.runtime.log.SimpleLog4JLogSystem
2016-12-09 16:37:02,369 - Using logger class org.apache.velocity.runtime.log.SimpleLog4JLogSystem
2016-12-09 16:37:02,372 - Default ResourceManager initializing. (class org.apache.velocity.runtime.resource.ResourceManagerImpl)
2016-12-09 16:37:02,375 - Resource Loader Instantiated: org.apache.velocity.runtime.resource.loader.ClasspathResourceLoader
2016-12-09 16:37:02,375 - ClasspathResourceLoader : initialization starting.
2016-12-09 16:37:02,375 - ClasspathResourceLoader : initialization complete.
2016-12-09 16:37:02,376 - ResourceCache : initialized. (class org.apache.velocity.runtime.resource.ResourceCacheImpl)
2016-12-09 16:37:02,376 - Default ResourceManager initialization complete.
2016-12-09 16:37:02,378 - Loaded System Directive: org.apache.velocity.runtime.directive.Literal
2016-12-09 16:37:02,379 - Loaded System Directive: org.apache.velocity.runtime.directive.Macro
2016-12-09 16:37:02,381 - Loaded System Directive: org.apache.velocity.runtime.directive.Parse
2016-12-09 16:37:02,383 - Loaded System Directive: org.apache.velocity.runtime.directive.Include
2016-12-09 16:37:02,384 - Loaded System Directive: org.apache.velocity.runtime.directive.Foreach
2016-12-09 16:37:02,404 - Created: 20 parsers.
2016-12-09 16:37:02,410 - Velocimacro : initialization starting.
2016-12-09 16:37:02,410 - Velocimacro : adding VMs from VM library template : VM_global_library.vm
2016-12-09 16:37:02,417 - ResourceManager : unable to find resource 'VM_global_library.vm' in any resource loader.
2016-12-09 16:37:02,417 - Velocimacro : error using  VM library template VM_global_library.vm : org.apache.velocity.exception.ResourceNotFoundException: Unable to find resource 'VM_global_library.vm'
2016-12-09 16:37:02,417 - Velocimacro :  VM library template macro registration complete.
2016-12-09 16:37:02,417 - Velocimacro : allowInline = true : VMs can be defined inline in templates
2016-12-09 16:37:02,417 - Velocimacro : allowInlineToOverride = false : VMs defined inline may NOT replace previous VM definitions
2016-12-09 16:37:02,417 - Velocimacro : allowInlineLocal = false : VMs defined inline will be  global in scope if allowed.
2016-12-09 16:37:02,417 - Velocimacro : messages on  : VM system will output logging messages
2016-12-09 16:37:02,417 - Velocimacro : autoload off  : VM system will not automatically reload global library macros
2016-12-09 16:37:02,417 - Velocimacro : initialization complete.
2016-12-09 16:37:02,417 - Velocity successfully started.
2016-12-09 16:38:00,615 - SimpleLog4JLogSystem initialized using logfile 'velocity.log'
2016-12-09 16:38:00,615 - ************************************************************** 
2016-12-09 16:38:00,615 - Starting Jakarta Velocity v1.4
2016-12-09 16:38:00,615 - RuntimeInstance initializing.
2016-12-09 16:38:00,615 - Default Properties File: org\apache\velocity\runtime\defaults\velocity.properties
2016-12-09 16:38:00,615 - Trying to use logger class org.apache.velocity.runtime.log.SimpleLog4JLogSystem
2016-12-09 16:38:00,615 - Using logger class org.apache.velocity.runtime.log.SimpleLog4JLogSystem
2016-12-09 16:38:00,618 - Default ResourceManager initializing. (class org.apache.velocity.runtime.resource.ResourceManagerImpl)
2016-12-09 16:38:00,621 - Resource Loader Instantiated: org.apache.velocity.runtime.resource.loader.ClasspathResourceLoader
2016-12-09 16:38:00,621 - ClasspathResourceLoader : initialization starting.
2016-12-09 16:38:00,621 - ClasspathResourceLoader : initialization complete.
2016-12-09 16:38:00,622 - ResourceCache : initialized. (class org.apache.velocity.runtime.resource.ResourceCacheImpl)
2016-12-09 16:38:00,622 - Default ResourceManager initialization complete.
2016-12-09 16:38:00,625 - Loaded System Directive: org.apache.velocity.runtime.directive.Literal
2016-12-09 16:38:00,627 - Loaded System Directive: org.apache.velocity.runtime.directive.Macro
2016-12-09 16:38:00,629 - Loaded System Directive: org.apache.velocity.runtime.directive.Parse
2016-12-09 16:38:00,631 - Loaded System Directive: org.apache.velocity.runtime.directive.Include
2016-12-09 16:38:00,632 - Loaded System Directive: org.apache.velocity.runtime.directive.Foreach
2016-12-09 16:38:00,656 - Created: 20 parsers.
2016-12-09 16:38:00,664 - Velocimacro : initialization starting.
2016-12-09 16:38:00,664 - Velocimacro : adding VMs from VM library template : VM_global_library.vm
2016-12-09 16:38:00,671 - ResourceManager : unable to find resource 'VM_global_library.vm' in any resource loader.
2016-12-09 16:38:00,671 - Velocimacro : error using  VM library template VM_global_library.vm : org.apache.velocity.exception.ResourceNotFoundException: Unable to find resource 'VM_global_library.vm'
2016-12-09 16:38:00,671 - Velocimacro :  VM library template macro registration complete.
2016-12-09 16:38:00,671 - Velocimacro : allowInline = true : VMs can be defined inline in templates
2016-12-09 16:38:00,671 - Velocimacro : allowInlineToOverride = false : VMs defined inline may NOT replace previous VM definitions
2016-12-09 16:38:00,671 - Velocimacro : allowInlineLocal = false : VMs defined inline will be  global in scope if allowed.
2016-12-09 16:38:00,671 - Velocimacro : messages on  : VM system will output logging messages
2016-12-09 16:38:00,671 - Velocimacro : autoload off  : VM system will not automatically reload global library macros
2016-12-09 16:38:00,671 - Velocimacro : initialization complete.
2016-12-09 16:38:00,671 - Velocity successfully started.
2016-12-09 16:38:41,861 - SimpleLog4JLogSystem initialized using logfile 'velocity.log'
2016-12-09 16:38:41,861 - ************************************************************** 
2016-12-09 16:38:41,861 - Starting Jakarta Velocity v1.4
2016-12-09 16:38:41,861 - RuntimeInstance initializing.
2016-12-09 16:38:41,861 - Default Properties File: org\apache\velocity\runtime\defaults\velocity.properties
2016-12-09 16:38:41,861 - Trying to use logger class org.apache.velocity.runtime.log.SimpleLog4JLogSystem
2016-12-09 16:38:41,861 - Using logger class org.apache.velocity.runtime.log.SimpleLog4JLogSystem
2016-12-09 16:38:41,863 - Default ResourceManager initializing. (class org.apache.velocity.runtime.resource.ResourceManagerImpl)
2016-12-09 16:38:41,865 - Resource Loader Instantiated: org.apache.velocity.runtime.resource.loader.ClasspathResourceLoader
2016-12-09 16:38:41,865 - ClasspathResourceLoader : initialization starting.
2016-12-09 16:38:41,865 - ClasspathResourceLoader : initialization complete.
2016-12-09 16:38:41,866 - ResourceCache : initialized. (class org.apache.velocity.runtime.resource.ResourceCacheImpl)
2016-12-09 16:38:41,867 - Default ResourceManager initialization complete.
2016-12-09 16:38:41,869 - Loaded System Directive: org.apache.velocity.runtime.directive.Literal
2016-12-09 16:38:41,871 - Loaded System Directive: org.apache.velocity.runtime.directive.Macro
2016-12-09 16:38:41,873 - Loaded System Directive: org.apache.velocity.runtime.directive.Parse
2016-12-09 16:38:41,874 - Loaded System Directive: org.apache.velocity.runtime.directive.Include
2016-12-09 16:38:41,876 - Loaded System Directive: org.apache.velocity.runtime.directive.Foreach
2016-12-09 16:38:41,898 - Created: 20 parsers.
2016-12-09 16:38:41,903 - Velocimacro : initialization starting.
2016-12-09 16:38:41,903 - Velocimacro : adding VMs from VM library template : VM_global_library.vm
2016-12-09 16:38:41,910 - ResourceManager : unable to find resource 'VM_global_library.vm' in any resource loader.
2016-12-09 16:38:41,910 - Velocimacro : error using  VM library template VM_global_library.vm : org.apache.velocity.exception.ResourceNotFoundException: Unable to find resource 'VM_global_library.vm'
2016-12-09 16:38:41,910 - Velocimacro :  VM library template macro registration complete.
2016-12-09 16:38:41,910 - Velocimacro : allowInline = true : VMs can be defined inline in templates
2016-12-09 16:38:41,910 - Velocimacro : allowInlineToOverride = false : VMs defined inline may NOT replace previous VM definitions
2016-12-09 16:38:41,910 - Velocimacro : allowInlineLocal = false : VMs defined inline will be  global in scope if allowed.
2016-12-09 16:38:41,910 - Velocimacro : messages on  : VM system will output logging messages
2016-12-09 16:38:41,910 - Velocimacro : autoload off  : VM system will not automatically reload global library macros
2016-12-09 16:38:41,910 - Velocimacro : initialization complete.
2016-12-09 16:38:41,910 - Velocity successfully started.
2016-12-09 16:39:36,210 - SimpleLog4JLogSystem initialized using logfile 'velocity.log'
2016-12-09 16:39:36,210 - ************************************************************** 
2016-12-09 16:39:36,210 - Starting Jakarta Velocity v1.4
2016-12-09 16:39:36,210 - RuntimeInstance initializing.
2016-12-09 16:39:36,210 - Default Properties File: org\apache\velocity\runtime\defaults\velocity.properties
2016-12-09 16:39:36,210 - Trying to use logger class org.apache.velocity.runtime.log.SimpleLog4JLogSystem
2016-12-09 16:39:36,210 - Using logger class org.apache.velocity.runtime.log.SimpleLog4JLogSystem
2016-12-09 16:39:36,213 - Default ResourceManager initializing. (class org.apache.velocity.runtime.resource.ResourceManagerImpl)
2016-12-09 16:39:36,216 - Resource Loader Instantiated: org.apache.velocity.runtime.resource.loader.ClasspathResourceLoader
2016-12-09 16:39:36,216 - ClasspathResourceLoader : initialization starting.
2016-12-09 16:39:36,216 - ClasspathResourceLoader : initialization complete.
2016-12-09 16:39:36,217 - ResourceCache : initialized. (class org.apache.velocity.runtime.resource.ResourceCacheImpl)
2016-12-09 16:39:36,217 - Default ResourceManager initialization complete.
2016-12-09 16:39:36,220 - Loaded System Directive: org.apache.velocity.runtime.directive.Literal
2016-12-09 16:39:36,222 - Loaded System Directive: org.apache.velocity.runtime.directive.Macro
2016-12-09 16:39:36,224 - Loaded System Directive: org.apache.velocity.runtime.directive.Parse
2016-12-09 16:39:36,227 - Loaded System Directive: org.apache.velocity.runtime.directive.Include
2016-12-09 16:39:36,228 - Loaded System Directive: org.apache.velocity.runtime.directive.Foreach
2016-12-09 16:39:36,252 - Created: 20 parsers.
2016-12-09 16:39:36,260 - Velocimacro : initialization starting.
2016-12-09 16:39:36,260 - Velocimacro : adding VMs from VM library template : VM_global_library.vm
2016-12-09 16:39:36,267 - ResourceManager : unable to find resource 'VM_global_library.vm' in any resource loader.
2016-12-09 16:39:36,267 - Velocimacro : error using  VM library template VM_global_library.vm : org.apache.velocity.exception.ResourceNotFoundException: Unable to find resource 'VM_global_library.vm'
2016-12-09 16:39:36,267 - Velocimacro :  VM library template macro registration complete.
2016-12-09 16:39:36,267 - Velocimacro : allowInline = true : VMs can be defined inline in templates
2016-12-09 16:39:36,268 - Velocimacro : allowInlineToOverride = false : VMs defined inline may NOT replace previous VM definitions
2016-12-09 16:39:36,268 - Velocimacro : allowInlineLocal = false : VMs defined inline will be  global in scope if allowed.
2016-12-09 16:39:36,268 - Velocimacro : messages on  : VM system will output logging messages
2016-12-09 16:39:36,268 - Velocimacro : autoload off  : VM system will not automatically reload global library macros
2016-12-09 16:39:36,268 - Velocimacro : initialization complete.
2016-12-09 16:39:36,268 - Velocity successfully started.
2016-12-09 16:41:33,339 - SimpleLog4JLogSystem initialized using logfile 'velocity.log'
2016-12-09 16:41:33,339 - ************************************************************** 
2016-12-09 16:41:33,339 - Starting Jakarta Velocity v1.4
2016-12-09 16:41:33,339 - RuntimeInstance initializing.
2016-12-09 16:41:33,339 - Default Properties File: org\apache\velocity\runtime\defaults\velocity.properties
2016-12-09 16:41:33,340 - Trying to use logger class org.apache.velocity.runtime.log.SimpleLog4JLogSystem
2016-12-09 16:41:33,340 - Using logger class org.apache.velocity.runtime.log.SimpleLog4JLogSystem
2016-12-09 16:41:33,384 - Default ResourceManager initializing. (class org.apache.velocity.runtime.resource.ResourceManagerImpl)
2016-12-09 16:41:33,394 - Resource Loader Instantiated: org.apache.velocity.runtime.resource.loader.ClasspathResourceLoader
2016-12-09 16:41:33,395 - ClasspathResourceLoader : initialization starting.
2016-12-09 16:41:33,395 - ClasspathResourceLoader : initialization complete.
2016-12-09 16:41:33,400 - ResourceCache : initialized. (class org.apache.velocity.runtime.resource.ResourceCacheImpl)
2016-12-09 16:41:33,400 - Default ResourceManager initialization complete.
2016-12-09 16:41:33,405 - Loaded System Directive: org.apache.velocity.runtime.directive.Literal
2016-12-09 16:41:33,408 - Loaded System Directive: org.apache.velocity.runtime.directive.Macro
2016-12-09 16:41:33,411 - Loaded System Directive: org.apache.velocity.runtime.directive.Parse
2016-12-09 16:41:33,418 - Loaded System Directive: org.apache.velocity.runtime.directive.Include
2016-12-09 16:41:33,420 - Loaded System Directive: org.apache.velocity.runtime.directive.Foreach
2016-12-09 16:41:33,460 - Created: 20 parsers.
2016-12-09 16:41:33,471 - Velocimacro : initialization starting.
2016-12-09 16:41:33,471 - Velocimacro : adding VMs from VM library template : VM_global_library.vm
2016-12-09 16:41:33,482 - ResourceManager : unable to find resource 'VM_global_library.vm' in any resource loader.
2016-12-09 16:41:33,482 - Velocimacro : error using  VM library template VM_global_library.vm : org.apache.velocity.exception.ResourceNotFoundException: Unable to find resource 'VM_global_library.vm'
2016-12-09 16:41:33,482 - Velocimacro :  VM library template macro registration complete.
2016-12-09 16:41:33,482 - Velocimacro : allowInline = true : VMs can be defined inline in templates
2016-12-09 16:41:33,482 - Velocimacro : allowInlineToOverride = false : VMs defined inline may NOT replace previous VM definitions
2016-12-09 16:41:33,482 - Velocimacro : allowInlineLocal = false : VMs defined inline will be  global in scope if allowed.
2016-12-09 16:41:33,483 - Velocimacro : messages on  : VM system will output logging messages
2016-12-09 16:41:33,483 - Velocimacro : autoload off  : VM system will not automatically reload global library macros
2016-12-09 16:41:33,484 - Velocimacro : initialization complete.
2016-12-09 16:41:33,484 - Velocity successfully started.
2016-12-09 16:41:56,539 - SimpleLog4JLogSystem initialized using logfile 'velocity.log'
2016-12-09 16:41:56,540 - ************************************************************** 
2016-12-09 16:41:56,540 - Starting Jakarta Velocity v1.4
2016-12-09 16:41:56,540 - RuntimeInstance initializing.
2016-12-09 16:41:56,540 - Default Properties File: org\apache\velocity\runtime\defaults\velocity.properties
2016-12-09 16:41:56,540 - Trying to use logger class org.apache.velocity.runtime.log.SimpleLog4JLogSystem
2016-12-09 16:41:56,540 - Using logger class org.apache.velocity.runtime.log.SimpleLog4JLogSystem
2016-12-09 16:41:56,542 - Default ResourceManager initializing. (class org.apache.velocity.runtime.resource.ResourceManagerImpl)
2016-12-09 16:41:56,544 - Resource Loader Instantiated: org.apache.velocity.runtime.resource.loader.ClasspathResourceLoader
2016-12-09 16:41:56,544 - ClasspathResourceLoader : initialization starting.
2016-12-09 16:41:56,544 - ClasspathResourceLoader : initialization complete.
2016-12-09 16:41:56,545 - ResourceCache : initialized. (class org.apache.velocity.runtime.resource.ResourceCacheImpl)
2016-12-09 16:41:56,545 - Default ResourceManager initialization complete.
2016-12-09 16:41:56,548 - Loaded System Directive: org.apache.velocity.runtime.directive.Literal
2016-12-09 16:41:56,549 - Loaded System Directive: org.apache.velocity.runtime.directive.Macro
2016-12-09 16:41:56,552 - Loaded System Directive: org.apache.velocity.runtime.directive.Parse
2016-12-09 16:41:56,553 - Loaded System Directive: org.apache.velocity.runtime.directive.Include
2016-12-09 16:41:56,554 - Loaded System Directive: org.apache.velocity.runtime.directive.Foreach
2016-12-09 16:41:56,574 - Created: 20 parsers.
2016-12-09 16:41:56,581 - Velocimacro : initialization starting.
2016-12-09 16:41:56,581 - Velocimacro : adding VMs from VM library template : VM_global_library.vm
2016-12-09 16:41:56,587 - ResourceManager : unable to find resource 'VM_global_library.vm' in any resource loader.
2016-12-09 16:41:56,587 - Velocimacro : error using  VM library template VM_global_library.vm : org.apache.velocity.exception.ResourceNotFoundException: Unable to find resource 'VM_global_library.vm'
2016-12-09 16:41:56,587 - Velocimacro :  VM library template macro registration complete.
2016-12-09 16:41:56,587 - Velocimacro : allowInline = true : VMs can be defined inline in templates
2016-12-09 16:41:56,587 - Velocimacro : allowInlineToOverride = false : VMs defined inline may NOT replace previous VM definitions
2016-12-09 16:41:56,588 - Velocimacro : allowInlineLocal = false : VMs defined inline will be  global in scope if allowed.
2016-12-09 16:41:56,588 - Velocimacro : messages on  : VM system will output logging messages
2016-12-09 16:41:56,588 - Velocimacro : autoload off  : VM system will not automatically reload global library macros
2016-12-09 16:41:56,588 - Velocimacro : initialization complete.
2016-12-09 16:41:56,588 - Velocity successfully started.
2016-12-09 16:42:58,545 - SimpleLog4JLogSystem initialized using logfile 'velocity.log'
2016-12-09 16:42:58,545 - ************************************************************** 
2016-12-09 16:42:58,545 - Starting Jakarta Velocity v1.4
2016-12-09 16:42:58,545 - RuntimeInstance initializing.
2016-12-09 16:42:58,545 - Default Properties File: org\apache\velocity\runtime\defaults\velocity.properties
2016-12-09 16:42:58,545 - Trying to use logger class org.apache.velocity.runtime.log.SimpleLog4JLogSystem
2016-12-09 16:42:58,545 - Using logger class org.apache.velocity.runtime.log.SimpleLog4JLogSystem
2016-12-09 16:42:58,548 - Default ResourceManager initializing. (class org.apache.velocity.runtime.resource.ResourceManagerImpl)
2016-12-09 16:42:58,550 - Resource Loader Instantiated: org.apache.velocity.runtime.resource.loader.ClasspathResourceLoader
2016-12-09 16:42:58,551 - ClasspathResourceLoader : initialization starting.
2016-12-09 16:42:58,551 - ClasspathResourceLoader : initialization complete.
2016-12-09 16:42:58,552 - ResourceCache : initialized. (class org.apache.velocity.runtime.resource.ResourceCacheImpl)
2016-12-09 16:42:58,552 - Default ResourceManager initialization complete.
2016-12-09 16:42:58,554 - Loaded System Directive: org.apache.velocity.runtime.directive.Literal
2016-12-09 16:42:58,555 - Loaded System Directive: org.apache.velocity.runtime.directive.Macro
2016-12-09 16:42:58,557 - Loaded System Directive: org.apache.velocity.runtime.directive.Parse
2016-12-09 16:42:58,559 - Loaded System Directive: org.apache.velocity.runtime.directive.Include
2016-12-09 16:42:58,559 - Loaded System Directive: org.apache.velocity.runtime.directive.Foreach
2016-12-09 16:42:58,581 - Created: 20 parsers.
2016-12-09 16:42:58,587 - Velocimacro : initialization starting.
2016-12-09 16:42:58,587 - Velocimacro : adding VMs from VM library template : VM_global_library.vm
2016-12-09 16:42:58,593 - ResourceManager : unable to find resource 'VM_global_library.vm' in any resource loader.
2016-12-09 16:42:58,593 - Velocimacro : error using  VM library template VM_global_library.vm : org.apache.velocity.exception.ResourceNotFoundException: Unable to find resource 'VM_global_library.vm'
2016-12-09 16:42:58,593 - Velocimacro :  VM library template macro registration complete.
2016-12-09 16:42:58,593 - Velocimacro : allowInline = true : VMs can be defined inline in templates
2016-12-09 16:42:58,593 - Velocimacro : allowInlineToOverride = false : VMs defined inline may NOT replace previous VM definitions
2016-12-09 16:42:58,593 - Velocimacro : allowInlineLocal = false : VMs defined inline will be  global in scope if allowed.
2016-12-09 16:42:58,593 - Velocimacro : messages on  : VM system will output logging messages
2016-12-09 16:42:58,593 - Velocimacro : autoload off  : VM system will not automatically reload global library macros
2016-12-09 16:42:58,593 - Velocimacro : initialization complete.
2016-12-09 16:42:58,593 - Velocity successfully started.
